{"/Users/sepezho/Work/raven/be/src/config.ts": {"path":"/Users/sepezho/Work/raven/be/src/config.ts","statementMap":{"0":{"start":{"line":1,"column":0},"end":{"line":1,"column":24}},"1":{"start":{"line":2,"column":0},"end":{"line":2,"column":32}},"2":{"start":{"line":3,"column":0},"end":{"line":3,"column":34}},"3":{"start":{"line":5,"column":0},"end":{"line":5,"column":50}},"4":{"start":{"line":6,"column":0},"end":{"line":6,"column":47}},"5":{"start":{"line":8,"column":13},"end":{"line":8,"column":45}},"6":{"start":{"line":9,"column":13},"end":{"line":9,"column":42}},"7":{"start":{"line":10,"column":13},"end":{"line":10,"column":65}},"8":{"start":{"line":12,"column":13},"end":{"line":15,"column":2}}},"fnMap":{},"branchMap":{},"s":{"0":3,"1":3,"2":3,"3":3,"4":3,"5":3,"6":3,"7":3,"8":3},"f":{},"b":{}}
,"/Users/sepezho/Work/raven/be/src/utils.ts": {"path":"/Users/sepezho/Work/raven/be/src/utils.ts","statementMap":{"0":{"start":{"line":10,"column":17},"end":{"line":10,"column":34}},"1":{"start":{"line":11,"column":2},"end":{"line":13,"column":null}},"2":{"start":{"line":12,"column":4},"end":{"line":12,"column":43}},"3":{"start":{"line":14,"column":2},"end":{"line":14,"column":16}},"4":{"start":{"line":9,"column":0},"end":{"line":9,"column":16}}},"fnMap":{"0":{"name":"loadVar","decl":{"start":{"line":9,"column":16},"end":{"line":9,"column":23}},"loc":{"start":{"line":9,"column":56},"end":{"line":15,"column":1}}}},"branchMap":{"0":{"loc":{"start":{"line":11,"column":2},"end":{"line":13,"column":null}},"type":"if","locations":[{"start":{"line":11,"column":2},"end":{"line":13,"column":null}}]},"1":{"loc":{"start":{"line":11,"column":6},"end":{"line":11,"column":33}},"type":"binary-expr","locations":[{"start":{"line":11,"column":6},"end":{"line":11,"column":20}},{"start":{"line":11,"column":24},"end":{"line":11,"column":33}}]}},"s":{"0":9,"1":9,"2":0,"3":9,"4":3},"f":{"0":9},"b":{"0":[0],"1":[9,0]}}
,"/Users/sepezho/Work/raven/be/src/crons/marketsWatcher.ts": {"path":"/Users/sepezho/Work/raven/be/src/crons/marketsWatcher.ts","statementMap":{"0":{"start":{"line":1,"column":0},"end":{"line":1,"column":51}},"1":{"start":{"line":2,"column":0},"end":{"line":2,"column":38}},"2":{"start":{"line":3,"column":0},"end":{"line":3,"column":43}},"3":{"start":{"line":5,"column":30},"end":{"line":18,"column":2}},"4":{"start":{"line":5,"column":56},"end":{"line":18,"column":2}},"5":{"start":{"line":6,"column":25},"end":{"line":6,"column":40}},"6":{"start":{"line":7,"column":18},"end":{"line":8,"column":32}},"7":{"start":{"line":9,"column":27},"end":{"line":9,"column":56}},"8":{"start":{"line":11,"column":1},"end":{"line":11,"column":null}},"9":{"start":{"line":12,"column":1},"end":{"line":17,"column":null}},"10":{"start":{"line":5,"column":13},"end":{"line":5,"column":30}}},"fnMap":{"0":{"name":"(anonymous_8)","decl":{"start":{"line":5,"column":30},"end":{"line":5,"column":54}},"loc":{"start":{"line":5,"column":56},"end":{"line":18,"column":2}}},"1":{"name":"(anonymous_9)","decl":{"start":{"line":5,"column":56},"end":{"line":5,"column":null}},"loc":{"start":{"line":5,"column":56},"end":{"line":18,"column":1}}}},"branchMap":{},"s":{"0":1,"1":1,"2":1,"3":1,"4":1,"5":1,"6":1,"7":1,"8":1,"9":1,"10":1},"f":{"0":1,"1":1},"b":{}}
,"/Users/sepezho/Work/raven/be/src/models/Market.ts": {"path":"/Users/sepezho/Work/raven/be/src/models/Market.ts","statementMap":{"0":{"start":{"line":1,"column":0},"end":{"line":1,"column":46}},"1":{"start":{"line":10,"column":22},"end":{"line":15,"column":null}},"2":{"start":{"line":18,"column":13},"end":{"line":18,"column":79}}},"fnMap":{},"branchMap":{},"s":{"0":2,"1":2,"2":2},"f":{},"b":{}}
,"/Users/sepezho/Work/raven/be/src/models/User.ts": {"path":"/Users/sepezho/Work/raven/be/src/models/User.ts","statementMap":{"0":{"start":{"line":1,"column":0},"end":{"line":1,"column":46}},"1":{"start":{"line":17,"column":20},"end":{"line":29,"column":null}},"2":{"start":{"line":32,"column":13},"end":{"line":32,"column":71}}},"fnMap":{},"branchMap":{},"s":{"0":1,"1":1,"2":1},"f":{},"b":{}}
,"/Users/sepezho/Work/raven/be/src/pushers/ton.ts": {"path":"/Users/sepezho/Work/raven/be/src/pushers/ton.ts","statementMap":{"0":{"start":{"line":1,"column":0},"end":{"line":1,"column":28}},"1":{"start":{"line":2,"column":13},"end":{"line":2,"column":30}},"2":{"start":{"line":3,"column":0},"end":{"line":3,"column":63}},"3":{"start":{"line":5,"column":25},"end":{"line":42,"column":null}},"4":{"start":{"line":5,"column":67},"end":{"line":42,"column":null}},"5":{"start":{"line":7,"column":18},"end":{"line":7,"column":61}},"6":{"start":{"line":8,"column":16},"end":{"line":8,"column":53}},"7":{"start":{"line":10,"column":16},"end":{"line":12,"column":4}},"8":{"start":{"line":14,"column":14},"end":{"line":16,"column":3}},"9":{"start":{"line":18,"column":17},"end":{"line":18,"column":42}},"10":{"start":{"line":20,"column":2},"end":{"line":20,"column":null}},"11":{"start":{"line":21,"column":16},"end":{"line":21,"column":58}},"12":{"start":{"line":23,"column":20},"end":{"line":25,"column":30}},"13":{"start":{"line":27,"column":2},"end":{"line":41,"column":null}},"14":{"start":{"line":28,"column":21},"end":{"line":35,"column":5}},"15":{"start":{"line":37,"column":3},"end":{"line":37,"column":25}},"16":{"start":{"line":39,"column":4},"end":{"line":39,"column":null}},"17":{"start":{"line":40,"column":4},"end":{"line":40,"column":null}},"18":{"start":{"line":40,"column":19},"end":{"line":40,"column":38}},"19":{"start":{"line":5,"column":13},"end":{"line":5,"column":25}}},"fnMap":{"0":{"name":"(anonymous_8)","decl":{"start":{"line":5,"column":25},"end":{"line":5,"column":32}},"loc":{"start":{"line":5,"column":67},"end":{"line":42,"column":null}}},"1":{"name":"(anonymous_9)","decl":{"start":{"line":5,"column":67},"end":{"line":5,"column":null}},"loc":{"start":{"line":5,"column":67},"end":{"line":42,"column":1}}},"2":{"name":"(anonymous_10)","decl":{"start":{"line":40,"column":15},"end":{"line":40,"column":17}},"loc":{"start":{"line":40,"column":19},"end":{"line":40,"column":38}}}},"branchMap":{"0":{"loc":{"start":{"line":7,"column":19},"end":{"line":7,"column":49}},"type":"cond-expr","locations":[{"start":{"line":7,"column":43},"end":{"line":7,"column":47}},{"start":{"line":7,"column":47},"end":{"line":7,"column":49}}]},"1":{"loc":{"start":{"line":7,"column":19},"end":{"line":7,"column":47}},"type":"binary-expr","locations":[{"start":{"line":7,"column":19},"end":{"line":7,"column":47}},{"start":{"line":7,"column":43},"end":{"line":7,"column":47}}]},"2":{"loc":{"start":{"line":21,"column":16},"end":{"line":21,"column":58}},"type":"binary-expr","locations":[{"start":{"line":21,"column":17},"end":{"line":21,"column":52}},{"start":{"line":21,"column":57},"end":{"line":21,"column":58}}]}},"s":{"0":1,"1":1,"2":1,"3":1,"4":1,"5":1,"6":1,"7":0,"8":0,"9":0,"10":0,"11":0,"12":0,"13":0,"14":0,"15":0,"16":0,"17":0,"18":0,"19":1},"f":{"0":1,"1":1,"2":0},"b":{"0":[1,0],"1":[1,1],"2":[0,0]}}
,"/Users/sepezho/Work/raven/be/src/services/mongoService.ts": {"path":"/Users/sepezho/Work/raven/be/src/services/mongoService.ts","statementMap":{"0":{"start":{"line":1,"column":0},"end":{"line":1,"column":32}},"1":{"start":{"line":2,"column":0},"end":{"line":2,"column":37}},"2":{"start":{"line":4,"column":25},"end":{"line":18,"column":6}},"3":{"start":{"line":5,"column":2},"end":{"line":18,"column":6}},"4":{"start":{"line":12,"column":6},"end":{"line":12,"column":58}},"5":{"start":{"line":16,"column":6},"end":{"line":16,"column":94}},"6":{"start":{"line":4,"column":13},"end":{"line":4,"column":25}},"7":{"start":{"line":19,"column":0},"end":{"line":19,"column":29}}},"fnMap":{"0":{"name":"(anonymous_1)","decl":{"start":{"line":4,"column":25},"end":{"line":4,"column":43}},"loc":{"start":{"line":5,"column":2},"end":{"line":18,"column":6}}},"1":{"name":"(anonymous_2)","decl":{"start":{"line":11,"column":10},"end":{"line":11,"column":13}},"loc":{"start":{"line":11,"column":15},"end":{"line":14,"column":5}}},"2":{"name":"(anonymous_3)","decl":{"start":{"line":15,"column":11},"end":{"line":15,"column":12}},"loc":{"start":{"line":15,"column":19},"end":{"line":18,"column":5}}}},"branchMap":{},"s":{"0":3,"1":3,"2":3,"3":3,"4":3,"5":0,"6":3,"7":3},"f":{"0":3,"1":3,"2":0},"b":{}}
}
