TN:
SF:src/config.ts
FNF:0
FNH:0
DA:1,3
DA:2,3
DA:3,3
DA:5,3
DA:6,3
DA:8,3
DA:9,3
DA:10,3
DA:12,3
LF:9
LH:9
BRF:0
BRH:0
end_of_record
TN:
SF:src/utils.ts
FN:9,loadVar
FNF:1
FNH:1
FNDA:9,loadVar
DA:9,3
DA:10,9
DA:11,9
DA:12,0
DA:14,9
LF:5
LH:4
BRDA:11,0,0,0
BRDA:11,1,0,9
BRDA:11,1,1,0
BRF:3
BRH:1
end_of_record
TN:
SF:src/crons/marketsWatcher.ts
FN:5,(anonymous_8)
FN:5,(anonymous_9)
FNF:2
FNH:2
FNDA:1,(anonymous_8)
FNDA:1,(anonymous_9)
DA:1,1
DA:2,1
DA:3,1
DA:5,1
DA:6,1
DA:7,1
DA:9,1
DA:11,1
DA:12,1
LF:9
LH:9
BRF:0
BRH:0
end_of_record
TN:
SF:src/models/Market.ts
FNF:0
FNH:0
DA:1,2
DA:10,2
DA:18,2
LF:3
LH:3
BRF:0
BRH:0
end_of_record
TN:
SF:src/models/User.ts
FNF:0
FNH:0
DA:1,1
DA:17,1
DA:32,1
LF:3
LH:3
BRF:0
BRH:0
end_of_record
TN:
SF:src/pushers/ton.ts
FN:5,(anonymous_8)
FN:5,(anonymous_9)
FN:40,(anonymous_10)
FNF:3
FNH:2
FNDA:1,(anonymous_8)
FNDA:1,(anonymous_9)
FNDA:0,(anonymous_10)
DA:1,1
DA:2,1
DA:3,1
DA:5,1
DA:7,1
DA:8,1
DA:10,0
DA:14,0
DA:18,0
DA:20,0
DA:21,0
DA:23,0
DA:27,0
DA:28,0
DA:37,0
DA:39,0
DA:40,0
LF:17
LH:6
BRDA:7,0,0,1
BRDA:7,0,1,0
BRDA:7,1,0,1
BRDA:7,1,1,1
BRDA:21,2,0,0
BRDA:21,2,1,0
BRF:6
BRH:3
end_of_record
TN:
SF:src/services/mongoService.ts
FN:4,(anonymous_1)
FN:11,(anonymous_2)
FN:15,(anonymous_3)
FNF:3
FNH:2
FNDA:3,(anonymous_1)
FNDA:3,(anonymous_2)
FNDA:0,(anonymous_3)
DA:1,3
DA:2,3
DA:4,3
DA:5,3
DA:12,3
DA:16,0
DA:19,3
LF:7
LH:6
BRF:0
BRH:0
end_of_record
